The system is: Linux - 3.12.0-sabayon - x86_64
Compiling the C compiler identification source file "CMakeCCompilerId.c" succeeded.
Compiler: /usr/bin/cc 
Build flags: 
Id flags: 

The output was:
0


Compilation of the C compiler identification source "CMakeCCompilerId.c" produced "a.out"

The C compiler identification is GNU, found in "/home/andesil/PSB/lib/CImg-1.5.8/examples/build/CMakeFiles/2.8.12.2/CompilerIdC/a.out"

Compiling the CXX compiler identification source file "CMakeCXXCompilerId.cpp" succeeded.
Compiler: /usr/bin/c++ 
Build flags: 
Id flags: 

The output was:
0


Compilation of the CXX compiler identification source "CMakeCXXCompilerId.cpp" produced "a.out"

The CXX compiler identification is GNU, found in "/home/andesil/PSB/lib/CImg-1.5.8/examples/build/CMakeFiles/2.8.12.2/CompilerIdCXX/a.out"

Determining if the C compiler works passed with the following output:
Change Dir: /home/andesil/PSB/lib/CImg-1.5.8/examples/build/CMakeFiles/CMakeTmp

Run Build Command:/usr/bin/gmake "cmTryCompileExec1960858304/fast"
/usr/bin/gmake -f CMakeFiles/cmTryCompileExec1960858304.dir/build.make CMakeFiles/cmTryCompileExec1960858304.dir/build
gmake[1]: Entering directory `/home/andesil/PSB/lib/CImg-1.5.8/examples/build/CMakeFiles/CMakeTmp'
/usr/bin/cmake -E cmake_progress_report /home/andesil/PSB/lib/CImg-1.5.8/examples/build/CMakeFiles/CMakeTmp/CMakeFiles 1
Building C object CMakeFiles/cmTryCompileExec1960858304.dir/testCCompiler.c.o
/usr/bin/cc    -o CMakeFiles/cmTryCompileExec1960858304.dir/testCCompiler.c.o   -c /home/andesil/PSB/lib/CImg-1.5.8/examples/build/CMakeFiles/CMakeTmp/testCCompiler.c
Linking C executable cmTryCompileExec1960858304
/usr/bin/cmake -E cmake_link_script CMakeFiles/cmTryCompileExec1960858304.dir/link.txt --verbose=1
/usr/bin/cc       CMakeFiles/cmTryCompileExec1960858304.dir/testCCompiler.c.o  -o cmTryCompileExec1960858304 -rdynamic 
gmake[1]: Leaving directory `/home/andesil/PSB/lib/CImg-1.5.8/examples/build/CMakeFiles/CMakeTmp'


Detecting C compiler ABI info compiled with the following output:
Change Dir: /home/andesil/PSB/lib/CImg-1.5.8/examples/build/CMakeFiles/CMakeTmp

Run Build Command:/usr/bin/gmake "cmTryCompileExec4111339671/fast"
/usr/bin/gmake -f CMakeFiles/cmTryCompileExec4111339671.dir/build.make CMakeFiles/cmTryCompileExec4111339671.dir/build
gmake[1]: Entering directory `/home/andesil/PSB/lib/CImg-1.5.8/examples/build/CMakeFiles/CMakeTmp'
/usr/bin/cmake -E cmake_progress_report /home/andesil/PSB/lib/CImg-1.5.8/examples/build/CMakeFiles/CMakeTmp/CMakeFiles 1
Building C object CMakeFiles/cmTryCompileExec4111339671.dir/CMakeCCompilerABI.c.o
/usr/bin/cc    -o CMakeFiles/cmTryCompileExec4111339671.dir/CMakeCCompilerABI.c.o   -c /usr/share/cmake/Modules/CMakeCCompilerABI.c
Linking C executable cmTryCompileExec4111339671
/usr/bin/cmake -E cmake_link_script CMakeFiles/cmTryCompileExec4111339671.dir/link.txt --verbose=1
/usr/bin/cc     -v CMakeFiles/cmTryCompileExec4111339671.dir/CMakeCCompilerABI.c.o  -o cmTryCompileExec4111339671 -rdynamic  
Using built-in specs.
COLLECT_GCC=/usr/x86_64-pc-linux-gnu/gcc-bin/4.7.3/gcc
COLLECT_LTO_WRAPPER=/usr/libexec/gcc/x86_64-pc-linux-gnu/4.7.3/lto-wrapper
Target: x86_64-pc-linux-gnu
Configured with: /var/tmp/portage/sys-devel/gcc-4.7.3-r1/work/gcc-4.7.3/configure --host=x86_64-pc-linux-gnu --build=x86_64-pc-linux-gnu --prefix=/usr --bindir=/usr/x86_64-pc-linux-gnu/gcc-bin/4.7.3 --includedir=/usr/lib/gcc/x86_64-pc-linux-gnu/4.7.3/include --datadir=/usr/share/gcc-data/x86_64-pc-linux-gnu/4.7.3 --mandir=/usr/share/gcc-data/x86_64-pc-linux-gnu/4.7.3/man --infodir=/usr/share/gcc-data/x86_64-pc-linux-gnu/4.7.3/info --with-gxx-include-dir=/usr/lib/gcc/x86_64-pc-linux-gnu/4.7.3/include/g++-v4 --with-python-dir=/share/gcc-data/x86_64-pc-linux-gnu/4.7.3/python --enable-objc-gc --enable-languages=c,c++,java,go,objc,obj-c++,fortran --enable-obsolete --enable-secureplt --disable-werror --with-system-zlib --enable-nls --without-included-gettext --enable-checking=release --with-bugurl=https://bugs.gentoo.org/ --with-pkgversion='Gentoo Hardened 4.7.3-r1 p1.4, pie-0.5.5' --enable-esp --enable-libstdcxx-time --enable-shared --enable-threads=posix --enable-__cxa_atexit --enable-clocale=gnu --enable-multilib --with-multilib-list=m32,m64 --disable-altivec --disable-fixed-point --enable-targets=all --enable-libgomp --enable-libmudflap --disable-libssp --enable-lto --with-cloog --with-ppl --with-cloog-include=/usr/include/cloog-ppl --disable-ppl-version-check
Thread model: posix
gcc version 4.7.3 (Gentoo Hardened 4.7.3-r1 p1.4, pie-0.5.5) 
COMPILER_PATH=/usr/libexec/gcc/x86_64-pc-linux-gnu/4.7.3/:/usr/libexec/gcc/x86_64-pc-linux-gnu/4.7.3/:/usr/libexec/gcc/x86_64-pc-linux-gnu/:/usr/lib/gcc/x86_64-pc-linux-gnu/4.7.3/:/usr/lib/gcc/x86_64-pc-linux-gnu/:/usr/lib/gcc/x86_64-pc-linux-gnu/4.7.3/../../../../x86_64-pc-linux-gnu/bin/
LIBRARY_PATH=/usr/lib/gcc/x86_64-pc-linux-gnu/4.7.3/:/usr/lib/gcc/x86_64-pc-linux-gnu/4.7.3/../../../../lib64/:/lib/../lib64/:/usr/lib/../lib64/:/usr/lib/gcc/x86_64-pc-linux-gnu/4.7.3/../../../../x86_64-pc-linux-gnu/lib/:/usr/lib/gcc/x86_64-pc-linux-gnu/4.7.3/../../../:/lib/:/usr/lib/
COLLECT_GCC_OPTIONS='-v' '-o' 'cmTryCompileExec4111339671' '-rdynamic' '-mtune=generic' '-march=x86-64' '-fPIE' '-pie'
 /usr/libexec/gcc/x86_64-pc-linux-gnu/4.7.3/collect2 --eh-frame-hdr -m elf_x86_64 -export-dynamic -dynamic-linker /lib64/ld-linux-x86-64.so.2 -pie -z now -o cmTryCompileExec4111339671 /usr/lib/gcc/x86_64-pc-linux-gnu/4.7.3/../../../../lib64/Scrt1.o /usr/lib/gcc/x86_64-pc-linux-gnu/4.7.3/../../../../lib64/crti.o /usr/lib/gcc/x86_64-pc-linux-gnu/4.7.3/crtbeginS.o -L/usr/lib/gcc/x86_64-pc-linux-gnu/4.7.3 -L/usr/lib/gcc/x86_64-pc-linux-gnu/4.7.3/../../../../lib64 -L/lib/../lib64 -L/usr/lib/../lib64 -L/usr/lib/gcc/x86_64-pc-linux-gnu/4.7.3/../../../../x86_64-pc-linux-gnu/lib -L/usr/lib/gcc/x86_64-pc-linux-gnu/4.7.3/../../.. CMakeFiles/cmTryCompileExec4111339671.dir/CMakeCCompilerABI.c.o -lgcc --as-needed -lgcc_s --no-as-needed -lc -lgcc --as-needed -lgcc_s --no-as-needed /usr/lib/gcc/x86_64-pc-linux-gnu/4.7.3/crtendS.o /usr/lib/gcc/x86_64-pc-linux-gnu/4.7.3/../../../../lib64/crtn.o
gmake[1]: Leaving directory `/home/andesil/PSB/lib/CImg-1.5.8/examples/build/CMakeFiles/CMakeTmp'


Parsed C implicit link information from above output:
  link line regex: [^( *|.*[/\])(ld|([^/\]+-)?ld|collect2)[^/\]*( |$)]
  ignore line: [Change Dir: /home/andesil/PSB/lib/CImg-1.5.8/examples/build/CMakeFiles/CMakeTmp]
  ignore line: []
  ignore line: [Run Build Command:/usr/bin/gmake "cmTryCompileExec4111339671/fast"]
  ignore line: [/usr/bin/gmake -f CMakeFiles/cmTryCompileExec4111339671.dir/build.make CMakeFiles/cmTryCompileExec4111339671.dir/build]
  ignore line: [gmake[1]: Entering directory `/home/andesil/PSB/lib/CImg-1.5.8/examples/build/CMakeFiles/CMakeTmp']
  ignore line: [/usr/bin/cmake -E cmake_progress_report /home/andesil/PSB/lib/CImg-1.5.8/examples/build/CMakeFiles/CMakeTmp/CMakeFiles 1]
  ignore line: [Building C object CMakeFiles/cmTryCompileExec4111339671.dir/CMakeCCompilerABI.c.o]
  ignore line: [/usr/bin/cc    -o CMakeFiles/cmTryCompileExec4111339671.dir/CMakeCCompilerABI.c.o   -c /usr/share/cmake/Modules/CMakeCCompilerABI.c]
  ignore line: [Linking C executable cmTryCompileExec4111339671]
  ignore line: [/usr/bin/cmake -E cmake_link_script CMakeFiles/cmTryCompileExec4111339671.dir/link.txt --verbose=1]
  ignore line: [/usr/bin/cc     -v CMakeFiles/cmTryCompileExec4111339671.dir/CMakeCCompilerABI.c.o  -o cmTryCompileExec4111339671 -rdynamic  ]
  ignore line: [Using built-in specs.]
  ignore line: [COLLECT_GCC=/usr/x86_64-pc-linux-gnu/gcc-bin/4.7.3/gcc]
  ignore line: [COLLECT_LTO_WRAPPER=/usr/libexec/gcc/x86_64-pc-linux-gnu/4.7.3/lto-wrapper]
  ignore line: [Target: x86_64-pc-linux-gnu]
  ignore line: [Configured with: /var/tmp/portage/sys-devel/gcc-4.7.3-r1/work/gcc-4.7.3/configure --host=x86_64-pc-linux-gnu --build=x86_64-pc-linux-gnu --prefix=/usr --bindir=/usr/x86_64-pc-linux-gnu/gcc-bin/4.7.3 --includedir=/usr/lib/gcc/x86_64-pc-linux-gnu/4.7.3/include --datadir=/usr/share/gcc-data/x86_64-pc-linux-gnu/4.7.3 --mandir=/usr/share/gcc-data/x86_64-pc-linux-gnu/4.7.3/man --infodir=/usr/share/gcc-data/x86_64-pc-linux-gnu/4.7.3/info --with-gxx-include-dir=/usr/lib/gcc/x86_64-pc-linux-gnu/4.7.3/include/g++-v4 --with-python-dir=/share/gcc-data/x86_64-pc-linux-gnu/4.7.3/python --enable-objc-gc --enable-languages=c,c++,java,go,objc,obj-c++,fortran --enable-obsolete --enable-secureplt --disable-werror --with-system-zlib --enable-nls --without-included-gettext --enable-checking=release --with-bugurl=https://bugs.gentoo.org/ --with-pkgversion='Gentoo Hardened 4.7.3-r1 p1.4, pie-0.5.5' --enable-esp --enable-libstdcxx-time --enable-shared --enable-threads=posix --enable-__cxa_atexit --enable-clocale=gnu --enable-multilib --with-multilib-list=m32,m64 --disable-altivec --disable-fixed-point --enable-targets=all --enable-libgomp --enable-libmudflap --disable-libssp --enable-lto --with-cloog --with-ppl --with-cloog-include=/usr/include/cloog-ppl --disable-ppl-version-check]
  ignore line: [Thread model: posix]
  ignore line: [gcc version 4.7.3 (Gentoo Hardened 4.7.3-r1 p1.4, pie-0.5.5) ]
  ignore line: [COMPILER_PATH=/usr/libexec/gcc/x86_64-pc-linux-gnu/4.7.3/:/usr/libexec/gcc/x86_64-pc-linux-gnu/4.7.3/:/usr/libexec/gcc/x86_64-pc-linux-gnu/:/usr/lib/gcc/x86_64-pc-linux-gnu/4.7.3/:/usr/lib/gcc/x86_64-pc-linux-gnu/:/usr/lib/gcc/x86_64-pc-linux-gnu/4.7.3/../../../../x86_64-pc-linux-gnu/bin/]
  ignore line: [LIBRARY_PATH=/usr/lib/gcc/x86_64-pc-linux-gnu/4.7.3/:/usr/lib/gcc/x86_64-pc-linux-gnu/4.7.3/../../../../lib64/:/lib/../lib64/:/usr/lib/../lib64/:/usr/lib/gcc/x86_64-pc-linux-gnu/4.7.3/../../../../x86_64-pc-linux-gnu/lib/:/usr/lib/gcc/x86_64-pc-linux-gnu/4.7.3/../../../:/lib/:/usr/lib/]
  ignore line: [COLLECT_GCC_OPTIONS='-v' '-o' 'cmTryCompileExec4111339671' '-rdynamic' '-mtune=generic' '-march=x86-64' '-fPIE' '-pie']
  link line: [ /usr/libexec/gcc/x86_64-pc-linux-gnu/4.7.3/collect2 --eh-frame-hdr -m elf_x86_64 -export-dynamic -dynamic-linker /lib64/ld-linux-x86-64.so.2 -pie -z now -o cmTryCompileExec4111339671 /usr/lib/gcc/x86_64-pc-linux-gnu/4.7.3/../../../../lib64/Scrt1.o /usr/lib/gcc/x86_64-pc-linux-gnu/4.7.3/../../../../lib64/crti.o /usr/lib/gcc/x86_64-pc-linux-gnu/4.7.3/crtbeginS.o -L/usr/lib/gcc/x86_64-pc-linux-gnu/4.7.3 -L/usr/lib/gcc/x86_64-pc-linux-gnu/4.7.3/../../../../lib64 -L/lib/../lib64 -L/usr/lib/../lib64 -L/usr/lib/gcc/x86_64-pc-linux-gnu/4.7.3/../../../../x86_64-pc-linux-gnu/lib -L/usr/lib/gcc/x86_64-pc-linux-gnu/4.7.3/../../.. CMakeFiles/cmTryCompileExec4111339671.dir/CMakeCCompilerABI.c.o -lgcc --as-needed -lgcc_s --no-as-needed -lc -lgcc --as-needed -lgcc_s --no-as-needed /usr/lib/gcc/x86_64-pc-linux-gnu/4.7.3/crtendS.o /usr/lib/gcc/x86_64-pc-linux-gnu/4.7.3/../../../../lib64/crtn.o]
    arg [/usr/libexec/gcc/x86_64-pc-linux-gnu/4.7.3/collect2] ==> ignore
    arg [--eh-frame-hdr] ==> ignore
    arg [-m] ==> ignore
    arg [elf_x86_64] ==> ignore
    arg [-export-dynamic] ==> ignore
    arg [-dynamic-linker] ==> ignore
    arg [/lib64/ld-linux-x86-64.so.2] ==> ignore
    arg [-pie] ==> ignore
    arg [-znow] ==> ignore
    arg [-o] ==> ignore
    arg [cmTryCompileExec4111339671] ==> ignore
    arg [/usr/lib/gcc/x86_64-pc-linux-gnu/4.7.3/../../../../lib64/Scrt1.o] ==> ignore
    arg [/usr/lib/gcc/x86_64-pc-linux-gnu/4.7.3/../../../../lib64/crti.o] ==> ignore
    arg [/usr/lib/gcc/x86_64-pc-linux-gnu/4.7.3/crtbeginS.o] ==> ignore
    arg [-L/usr/lib/gcc/x86_64-pc-linux-gnu/4.7.3] ==> dir [/usr/lib/gcc/x86_64-pc-linux-gnu/4.7.3]
    arg [-L/usr/lib/gcc/x86_64-pc-linux-gnu/4.7.3/../../../../lib64] ==> dir [/usr/lib/gcc/x86_64-pc-linux-gnu/4.7.3/../../../../lib64]
    arg [-L/lib/../lib64] ==> dir [/lib/../lib64]
    arg [-L/usr/lib/../lib64] ==> dir [/usr/lib/../lib64]
    arg [-L/usr/lib/gcc/x86_64-pc-linux-gnu/4.7.3/../../../../x86_64-pc-linux-gnu/lib] ==> dir [/usr/lib/gcc/x86_64-pc-linux-gnu/4.7.3/../../../../x86_64-pc-linux-gnu/lib]
    arg [-L/usr/lib/gcc/x86_64-pc-linux-gnu/4.7.3/../../..] ==> dir [/usr/lib/gcc/x86_64-pc-linux-gnu/4.7.3/../../..]
    arg [CMakeFiles/cmTryCompileExec4111339671.dir/CMakeCCompilerABI.c.o] ==> ignore
    arg [-lgcc] ==> lib [gcc]
    arg [--as-needed] ==> ignore
    arg [-lgcc_s] ==> lib [gcc_s]
    arg [--no-as-needed] ==> ignore
    arg [-lc] ==> lib [c]
    arg [-lgcc] ==> lib [gcc]
    arg [--as-needed] ==> ignore
    arg [-lgcc_s] ==> lib [gcc_s]
    arg [--no-as-needed] ==> ignore
    arg [/usr/lib/gcc/x86_64-pc-linux-gnu/4.7.3/crtendS.o] ==> ignore
    arg [/usr/lib/gcc/x86_64-pc-linux-gnu/4.7.3/../../../../lib64/crtn.o] ==> ignore
  remove lib [gcc]
  remove lib [gcc_s]
  remove lib [gcc]
  remove lib [gcc_s]
  collapse library dir [/usr/lib/gcc/x86_64-pc-linux-gnu/4.7.3] ==> [/usr/lib/gcc/x86_64-pc-linux-gnu/4.7.3]
  collapse library dir [/usr/lib/gcc/x86_64-pc-linux-gnu/4.7.3/../../../../lib64] ==> [/usr/lib64]
  collapse library dir [/lib/../lib64] ==> [/lib64]
  collapse library dir [/usr/lib/../lib64] ==> [/usr/lib64]
  collapse library dir [/usr/lib/gcc/x86_64-pc-linux-gnu/4.7.3/../../../../x86_64-pc-linux-gnu/lib] ==> [/usr/x86_64-pc-linux-gnu/lib]
  collapse library dir [/usr/lib/gcc/x86_64-pc-linux-gnu/4.7.3/../../..] ==> [/usr/lib]
  implicit libs: [c]
  implicit dirs: [/usr/lib/gcc/x86_64-pc-linux-gnu/4.7.3;/usr/lib64;/lib64;/usr/x86_64-pc-linux-gnu/lib;/usr/lib]
  implicit fwks: []


Determining if the CXX compiler works passed with the following output:
Change Dir: /home/andesil/PSB/lib/CImg-1.5.8/examples/build/CMakeFiles/CMakeTmp

Run Build Command:/usr/bin/gmake "cmTryCompileExec387220097/fast"
/usr/bin/gmake -f CMakeFiles/cmTryCompileExec387220097.dir/build.make CMakeFiles/cmTryCompileExec387220097.dir/build
gmake[1]: Entering directory `/home/andesil/PSB/lib/CImg-1.5.8/examples/build/CMakeFiles/CMakeTmp'
/usr/bin/cmake -E cmake_progress_report /home/andesil/PSB/lib/CImg-1.5.8/examples/build/CMakeFiles/CMakeTmp/CMakeFiles 1
Building CXX object CMakeFiles/cmTryCompileExec387220097.dir/testCXXCompiler.cxx.o
/usr/bin/c++     -o CMakeFiles/cmTryCompileExec387220097.dir/testCXXCompiler.cxx.o -c /home/andesil/PSB/lib/CImg-1.5.8/examples/build/CMakeFiles/CMakeTmp/testCXXCompiler.cxx
Linking CXX executable cmTryCompileExec387220097
/usr/bin/cmake -E cmake_link_script CMakeFiles/cmTryCompileExec387220097.dir/link.txt --verbose=1
/usr/bin/c++        CMakeFiles/cmTryCompileExec387220097.dir/testCXXCompiler.cxx.o  -o cmTryCompileExec387220097 -rdynamic 
gmake[1]: Leaving directory `/home/andesil/PSB/lib/CImg-1.5.8/examples/build/CMakeFiles/CMakeTmp'


Detecting CXX compiler ABI info compiled with the following output:
Change Dir: /home/andesil/PSB/lib/CImg-1.5.8/examples/build/CMakeFiles/CMakeTmp

Run Build Command:/usr/bin/gmake "cmTryCompileExec1514770213/fast"
/usr/bin/gmake -f CMakeFiles/cmTryCompileExec1514770213.dir/build.make CMakeFiles/cmTryCompileExec1514770213.dir/build
gmake[1]: Entering directory `/home/andesil/PSB/lib/CImg-1.5.8/examples/build/CMakeFiles/CMakeTmp'
/usr/bin/cmake -E cmake_progress_report /home/andesil/PSB/lib/CImg-1.5.8/examples/build/CMakeFiles/CMakeTmp/CMakeFiles 1
Building CXX object CMakeFiles/cmTryCompileExec1514770213.dir/CMakeCXXCompilerABI.cpp.o
/usr/bin/c++     -o CMakeFiles/cmTryCompileExec1514770213.dir/CMakeCXXCompilerABI.cpp.o -c /usr/share/cmake/Modules/CMakeCXXCompilerABI.cpp
Linking CXX executable cmTryCompileExec1514770213
/usr/bin/cmake -E cmake_link_script CMakeFiles/cmTryCompileExec1514770213.dir/link.txt --verbose=1
/usr/bin/c++      -v CMakeFiles/cmTryCompileExec1514770213.dir/CMakeCXXCompilerABI.cpp.o  -o cmTryCompileExec1514770213 -rdynamic  
Using built-in specs.
COLLECT_GCC=/usr/x86_64-pc-linux-gnu/gcc-bin/4.7.3/c++
COLLECT_LTO_WRAPPER=/usr/libexec/gcc/x86_64-pc-linux-gnu/4.7.3/lto-wrapper
Target: x86_64-pc-linux-gnu
Configured with: /var/tmp/portage/sys-devel/gcc-4.7.3-r1/work/gcc-4.7.3/configure --host=x86_64-pc-linux-gnu --build=x86_64-pc-linux-gnu --prefix=/usr --bindir=/usr/x86_64-pc-linux-gnu/gcc-bin/4.7.3 --includedir=/usr/lib/gcc/x86_64-pc-linux-gnu/4.7.3/include --datadir=/usr/share/gcc-data/x86_64-pc-linux-gnu/4.7.3 --mandir=/usr/share/gcc-data/x86_64-pc-linux-gnu/4.7.3/man --infodir=/usr/share/gcc-data/x86_64-pc-linux-gnu/4.7.3/info --with-gxx-include-dir=/usr/lib/gcc/x86_64-pc-linux-gnu/4.7.3/include/g++-v4 --with-python-dir=/share/gcc-data/x86_64-pc-linux-gnu/4.7.3/python --enable-objc-gc --enable-languages=c,c++,java,go,objc,obj-c++,fortran --enable-obsolete --enable-secureplt --disable-werror --with-system-zlib --enable-nls --without-included-gettext --enable-checking=release --with-bugurl=https://bugs.gentoo.org/ --with-pkgversion='Gentoo Hardened 4.7.3-r1 p1.4, pie-0.5.5' --enable-esp --enable-libstdcxx-time --enable-shared --enable-threads=posix --enable-__cxa_atexit --enable-clocale=gnu --enable-multilib --with-multilib-list=m32,m64 --disable-altivec --disable-fixed-point --enable-targets=all --enable-libgomp --enable-libmudflap --disable-libssp --enable-lto --with-cloog --with-ppl --with-cloog-include=/usr/include/cloog-ppl --disable-ppl-version-check
Thread model: posix
gcc version 4.7.3 (Gentoo Hardened 4.7.3-r1 p1.4, pie-0.5.5) 
COMPILER_PATH=/usr/libexec/gcc/x86_64-pc-linux-gnu/4.7.3/:/usr/libexec/gcc/x86_64-pc-linux-gnu/4.7.3/:/usr/libexec/gcc/x86_64-pc-linux-gnu/:/usr/lib/gcc/x86_64-pc-linux-gnu/4.7.3/:/usr/lib/gcc/x86_64-pc-linux-gnu/:/usr/lib/gcc/x86_64-pc-linux-gnu/4.7.3/../../../../x86_64-pc-linux-gnu/bin/
LIBRARY_PATH=/usr/lib/gcc/x86_64-pc-linux-gnu/4.7.3/:/usr/lib/gcc/x86_64-pc-linux-gnu/4.7.3/../../../../lib64/:/lib/../lib64/:/usr/lib/../lib64/:/usr/lib/gcc/x86_64-pc-linux-gnu/4.7.3/../../../../x86_64-pc-linux-gnu/lib/:/usr/lib/gcc/x86_64-pc-linux-gnu/4.7.3/../../../:/lib/:/usr/lib/
COLLECT_GCC_OPTIONS='-v' '-o' 'cmTryCompileExec1514770213' '-rdynamic' '-shared-libgcc' '-mtune=generic' '-march=x86-64' '-fPIE' '-pie'
 /usr/libexec/gcc/x86_64-pc-linux-gnu/4.7.3/collect2 --eh-frame-hdr -m elf_x86_64 -export-dynamic -dynamic-linker /lib64/ld-linux-x86-64.so.2 -pie -z now -o cmTryCompileExec1514770213 /usr/lib/gcc/x86_64-pc-linux-gnu/4.7.3/../../../../lib64/Scrt1.o /usr/lib/gcc/x86_64-pc-linux-gnu/4.7.3/../../../../lib64/crti.o /usr/lib/gcc/x86_64-pc-linux-gnu/4.7.3/crtbeginS.o -L/usr/lib/gcc/x86_64-pc-linux-gnu/4.7.3 -L/usr/lib/gcc/x86_64-pc-linux-gnu/4.7.3/../../../../lib64 -L/lib/../lib64 -L/usr/lib/../lib64 -L/usr/lib/gcc/x86_64-pc-linux-gnu/4.7.3/../../../../x86_64-pc-linux-gnu/lib -L/usr/lib/gcc/x86_64-pc-linux-gnu/4.7.3/../../.. CMakeFiles/cmTryCompileExec1514770213.dir/CMakeCXXCompilerABI.cpp.o -lstdc++ -lm -lgcc_s -lgcc -lc -lgcc_s -lgcc /usr/lib/gcc/x86_64-pc-linux-gnu/4.7.3/crtendS.o /usr/lib/gcc/x86_64-pc-linux-gnu/4.7.3/../../../../lib64/crtn.o
gmake[1]: Leaving directory `/home/andesil/PSB/lib/CImg-1.5.8/examples/build/CMakeFiles/CMakeTmp'


Parsed CXX implicit link information from above output:
  link line regex: [^( *|.*[/\])(ld|([^/\]+-)?ld|collect2)[^/\]*( |$)]
  ignore line: [Change Dir: /home/andesil/PSB/lib/CImg-1.5.8/examples/build/CMakeFiles/CMakeTmp]
  ignore line: []
  ignore line: [Run Build Command:/usr/bin/gmake "cmTryCompileExec1514770213/fast"]
  ignore line: [/usr/bin/gmake -f CMakeFiles/cmTryCompileExec1514770213.dir/build.make CMakeFiles/cmTryCompileExec1514770213.dir/build]
  ignore line: [gmake[1]: Entering directory `/home/andesil/PSB/lib/CImg-1.5.8/examples/build/CMakeFiles/CMakeTmp']
  ignore line: [/usr/bin/cmake -E cmake_progress_report /home/andesil/PSB/lib/CImg-1.5.8/examples/build/CMakeFiles/CMakeTmp/CMakeFiles 1]
  ignore line: [Building CXX object CMakeFiles/cmTryCompileExec1514770213.dir/CMakeCXXCompilerABI.cpp.o]
  ignore line: [/usr/bin/c++     -o CMakeFiles/cmTryCompileExec1514770213.dir/CMakeCXXCompilerABI.cpp.o -c /usr/share/cmake/Modules/CMakeCXXCompilerABI.cpp]
  ignore line: [Linking CXX executable cmTryCompileExec1514770213]
  ignore line: [/usr/bin/cmake -E cmake_link_script CMakeFiles/cmTryCompileExec1514770213.dir/link.txt --verbose=1]
  ignore line: [/usr/bin/c++      -v CMakeFiles/cmTryCompileExec1514770213.dir/CMakeCXXCompilerABI.cpp.o  -o cmTryCompileExec1514770213 -rdynamic  ]
  ignore line: [Using built-in specs.]
  ignore line: [COLLECT_GCC=/usr/x86_64-pc-linux-gnu/gcc-bin/4.7.3/c++]
  ignore line: [COLLECT_LTO_WRAPPER=/usr/libexec/gcc/x86_64-pc-linux-gnu/4.7.3/lto-wrapper]
  ignore line: [Target: x86_64-pc-linux-gnu]
  ignore line: [Configured with: /var/tmp/portage/sys-devel/gcc-4.7.3-r1/work/gcc-4.7.3/configure --host=x86_64-pc-linux-gnu --build=x86_64-pc-linux-gnu --prefix=/usr --bindir=/usr/x86_64-pc-linux-gnu/gcc-bin/4.7.3 --includedir=/usr/lib/gcc/x86_64-pc-linux-gnu/4.7.3/include --datadir=/usr/share/gcc-data/x86_64-pc-linux-gnu/4.7.3 --mandir=/usr/share/gcc-data/x86_64-pc-linux-gnu/4.7.3/man --infodir=/usr/share/gcc-data/x86_64-pc-linux-gnu/4.7.3/info --with-gxx-include-dir=/usr/lib/gcc/x86_64-pc-linux-gnu/4.7.3/include/g++-v4 --with-python-dir=/share/gcc-data/x86_64-pc-linux-gnu/4.7.3/python --enable-objc-gc --enable-languages=c,c++,java,go,objc,obj-c++,fortran --enable-obsolete --enable-secureplt --disable-werror --with-system-zlib --enable-nls --without-included-gettext --enable-checking=release --with-bugurl=https://bugs.gentoo.org/ --with-pkgversion='Gentoo Hardened 4.7.3-r1 p1.4, pie-0.5.5' --enable-esp --enable-libstdcxx-time --enable-shared --enable-threads=posix --enable-__cxa_atexit --enable-clocale=gnu --enable-multilib --with-multilib-list=m32,m64 --disable-altivec --disable-fixed-point --enable-targets=all --enable-libgomp --enable-libmudflap --disable-libssp --enable-lto --with-cloog --with-ppl --with-cloog-include=/usr/include/cloog-ppl --disable-ppl-version-check]
  ignore line: [Thread model: posix]
  ignore line: [gcc version 4.7.3 (Gentoo Hardened 4.7.3-r1 p1.4, pie-0.5.5) ]
  ignore line: [COMPILER_PATH=/usr/libexec/gcc/x86_64-pc-linux-gnu/4.7.3/:/usr/libexec/gcc/x86_64-pc-linux-gnu/4.7.3/:/usr/libexec/gcc/x86_64-pc-linux-gnu/:/usr/lib/gcc/x86_64-pc-linux-gnu/4.7.3/:/usr/lib/gcc/x86_64-pc-linux-gnu/:/usr/lib/gcc/x86_64-pc-linux-gnu/4.7.3/../../../../x86_64-pc-linux-gnu/bin/]
  ignore line: [LIBRARY_PATH=/usr/lib/gcc/x86_64-pc-linux-gnu/4.7.3/:/usr/lib/gcc/x86_64-pc-linux-gnu/4.7.3/../../../../lib64/:/lib/../lib64/:/usr/lib/../lib64/:/usr/lib/gcc/x86_64-pc-linux-gnu/4.7.3/../../../../x86_64-pc-linux-gnu/lib/:/usr/lib/gcc/x86_64-pc-linux-gnu/4.7.3/../../../:/lib/:/usr/lib/]
  ignore line: [COLLECT_GCC_OPTIONS='-v' '-o' 'cmTryCompileExec1514770213' '-rdynamic' '-shared-libgcc' '-mtune=generic' '-march=x86-64' '-fPIE' '-pie']
  link line: [ /usr/libexec/gcc/x86_64-pc-linux-gnu/4.7.3/collect2 --eh-frame-hdr -m elf_x86_64 -export-dynamic -dynamic-linker /lib64/ld-linux-x86-64.so.2 -pie -z now -o cmTryCompileExec1514770213 /usr/lib/gcc/x86_64-pc-linux-gnu/4.7.3/../../../../lib64/Scrt1.o /usr/lib/gcc/x86_64-pc-linux-gnu/4.7.3/../../../../lib64/crti.o /usr/lib/gcc/x86_64-pc-linux-gnu/4.7.3/crtbeginS.o -L/usr/lib/gcc/x86_64-pc-linux-gnu/4.7.3 -L/usr/lib/gcc/x86_64-pc-linux-gnu/4.7.3/../../../../lib64 -L/lib/../lib64 -L/usr/lib/../lib64 -L/usr/lib/gcc/x86_64-pc-linux-gnu/4.7.3/../../../../x86_64-pc-linux-gnu/lib -L/usr/lib/gcc/x86_64-pc-linux-gnu/4.7.3/../../.. CMakeFiles/cmTryCompileExec1514770213.dir/CMakeCXXCompilerABI.cpp.o -lstdc++ -lm -lgcc_s -lgcc -lc -lgcc_s -lgcc /usr/lib/gcc/x86_64-pc-linux-gnu/4.7.3/crtendS.o /usr/lib/gcc/x86_64-pc-linux-gnu/4.7.3/../../../../lib64/crtn.o]
    arg [/usr/libexec/gcc/x86_64-pc-linux-gnu/4.7.3/collect2] ==> ignore
    arg [--eh-frame-hdr] ==> ignore
    arg [-m] ==> ignore
    arg [elf_x86_64] ==> ignore
    arg [-export-dynamic] ==> ignore
    arg [-dynamic-linker] ==> ignore
    arg [/lib64/ld-linux-x86-64.so.2] ==> ignore
    arg [-pie] ==> ignore
    arg [-znow] ==> ignore
    arg [-o] ==> ignore
    arg [cmTryCompileExec1514770213] ==> ignore
    arg [/usr/lib/gcc/x86_64-pc-linux-gnu/4.7.3/../../../../lib64/Scrt1.o] ==> ignore
    arg [/usr/lib/gcc/x86_64-pc-linux-gnu/4.7.3/../../../../lib64/crti.o] ==> ignore
    arg [/usr/lib/gcc/x86_64-pc-linux-gnu/4.7.3/crtbeginS.o] ==> ignore
    arg [-L/usr/lib/gcc/x86_64-pc-linux-gnu/4.7.3] ==> dir [/usr/lib/gcc/x86_64-pc-linux-gnu/4.7.3]
    arg [-L/usr/lib/gcc/x86_64-pc-linux-gnu/4.7.3/../../../../lib64] ==> dir [/usr/lib/gcc/x86_64-pc-linux-gnu/4.7.3/../../../../lib64]
    arg [-L/lib/../lib64] ==> dir [/lib/../lib64]
    arg [-L/usr/lib/../lib64] ==> dir [/usr/lib/../lib64]
    arg [-L/usr/lib/gcc/x86_64-pc-linux-gnu/4.7.3/../../../../x86_64-pc-linux-gnu/lib] ==> dir [/usr/lib/gcc/x86_64-pc-linux-gnu/4.7.3/../../../../x86_64-pc-linux-gnu/lib]
    arg [-L/usr/lib/gcc/x86_64-pc-linux-gnu/4.7.3/../../..] ==> dir [/usr/lib/gcc/x86_64-pc-linux-gnu/4.7.3/../../..]
    arg [CMakeFiles/cmTryCompileExec1514770213.dir/CMakeCXXCompilerABI.cpp.o] ==> ignore
    arg [-lstdc++] ==> lib [stdc++]
    arg [-lm] ==> lib [m]
    arg [-lgcc_s] ==> lib [gcc_s]
    arg [-lgcc] ==> lib [gcc]
    arg [-lc] ==> lib [c]
    arg [-lgcc_s] ==> lib [gcc_s]
    arg [-lgcc] ==> lib [gcc]
    arg [/usr/lib/gcc/x86_64-pc-linux-gnu/4.7.3/crtendS.o] ==> ignore
    arg [/usr/lib/gcc/x86_64-pc-linux-gnu/4.7.3/../../../../lib64/crtn.o] ==> ignore
  remove lib [gcc_s]
  remove lib [gcc]
  remove lib [gcc_s]
  remove lib [gcc]
  collapse library dir [/usr/lib/gcc/x86_64-pc-linux-gnu/4.7.3] ==> [/usr/lib/gcc/x86_64-pc-linux-gnu/4.7.3]
  collapse library dir [/usr/lib/gcc/x86_64-pc-linux-gnu/4.7.3/../../../../lib64] ==> [/usr/lib64]
  collapse library dir [/lib/../lib64] ==> [/lib64]
  collapse library dir [/usr/lib/../lib64] ==> [/usr/lib64]
  collapse library dir [/usr/lib/gcc/x86_64-pc-linux-gnu/4.7.3/../../../../x86_64-pc-linux-gnu/lib] ==> [/usr/x86_64-pc-linux-gnu/lib]
  collapse library dir [/usr/lib/gcc/x86_64-pc-linux-gnu/4.7.3/../../..] ==> [/usr/lib]
  implicit libs: [stdc++;m;c]
  implicit dirs: [/usr/lib/gcc/x86_64-pc-linux-gnu/4.7.3;/usr/lib64;/lib64;/usr/x86_64-pc-linux-gnu/lib;/usr/lib]
  implicit fwks: []


Determining if the function XOpenDisplay exists in the /usr/lib64/libX11.so;/usr/lib64/libXext.so passed with the following output:
Change Dir: /home/andesil/PSB/lib/CImg-1.5.8/examples/build/CMakeFiles/CMakeTmp

Run Build Command:/usr/bin/gmake "cmTryCompileExec3873229208/fast"
/usr/bin/gmake -f CMakeFiles/cmTryCompileExec3873229208.dir/build.make CMakeFiles/cmTryCompileExec3873229208.dir/build
gmake[1]: Entering directory `/home/andesil/PSB/lib/CImg-1.5.8/examples/build/CMakeFiles/CMakeTmp'
/usr/bin/cmake -E cmake_progress_report /home/andesil/PSB/lib/CImg-1.5.8/examples/build/CMakeFiles/CMakeTmp/CMakeFiles 1
Building C object CMakeFiles/cmTryCompileExec3873229208.dir/CheckFunctionExists.c.o
/usr/bin/cc   -DCHECK_FUNCTION_EXISTS=XOpenDisplay   -o CMakeFiles/cmTryCompileExec3873229208.dir/CheckFunctionExists.c.o   -c /usr/share/cmake/Modules/CheckFunctionExists.c
Linking C executable cmTryCompileExec3873229208
/usr/bin/cmake -E cmake_link_script CMakeFiles/cmTryCompileExec3873229208.dir/link.txt --verbose=1
/usr/bin/cc   -DCHECK_FUNCTION_EXISTS=XOpenDisplay    CMakeFiles/cmTryCompileExec3873229208.dir/CheckFunctionExists.c.o  -o cmTryCompileExec3873229208 -rdynamic -lX11 -lXext 
gmake[1]: Leaving directory `/home/andesil/PSB/lib/CImg-1.5.8/examples/build/CMakeFiles/CMakeTmp'


Determining if the function gethostbyname exists passed with the following output:
Change Dir: /home/andesil/PSB/lib/CImg-1.5.8/examples/build/CMakeFiles/CMakeTmp

Run Build Command:/usr/bin/gmake "cmTryCompileExec2838801833/fast"
/usr/bin/gmake -f CMakeFiles/cmTryCompileExec2838801833.dir/build.make CMakeFiles/cmTryCompileExec2838801833.dir/build
gmake[1]: Entering directory `/home/andesil/PSB/lib/CImg-1.5.8/examples/build/CMakeFiles/CMakeTmp'
/usr/bin/cmake -E cmake_progress_report /home/andesil/PSB/lib/CImg-1.5.8/examples/build/CMakeFiles/CMakeTmp/CMakeFiles 1
Building C object CMakeFiles/cmTryCompileExec2838801833.dir/CheckFunctionExists.c.o
/usr/bin/cc   -DCHECK_FUNCTION_EXISTS=gethostbyname   -o CMakeFiles/cmTryCompileExec2838801833.dir/CheckFunctionExists.c.o   -c /usr/share/cmake/Modules/CheckFunctionExists.c
Linking C executable cmTryCompileExec2838801833
/usr/bin/cmake -E cmake_link_script CMakeFiles/cmTryCompileExec2838801833.dir/link.txt --verbose=1
/usr/bin/cc   -DCHECK_FUNCTION_EXISTS=gethostbyname    CMakeFiles/cmTryCompileExec2838801833.dir/CheckFunctionExists.c.o  -o cmTryCompileExec2838801833 -rdynamic 
gmake[1]: Leaving directory `/home/andesil/PSB/lib/CImg-1.5.8/examples/build/CMakeFiles/CMakeTmp'


Determining if the function connect exists passed with the following output:
Change Dir: /home/andesil/PSB/lib/CImg-1.5.8/examples/build/CMakeFiles/CMakeTmp

Run Build Command:/usr/bin/gmake "cmTryCompileExec1395722802/fast"
/usr/bin/gmake -f CMakeFiles/cmTryCompileExec1395722802.dir/build.make CMakeFiles/cmTryCompileExec1395722802.dir/build
gmake[1]: Entering directory `/home/andesil/PSB/lib/CImg-1.5.8/examples/build/CMakeFiles/CMakeTmp'
/usr/bin/cmake -E cmake_progress_report /home/andesil/PSB/lib/CImg-1.5.8/examples/build/CMakeFiles/CMakeTmp/CMakeFiles 1
Building C object CMakeFiles/cmTryCompileExec1395722802.dir/CheckFunctionExists.c.o
/usr/bin/cc   -DCHECK_FUNCTION_EXISTS=connect   -o CMakeFiles/cmTryCompileExec1395722802.dir/CheckFunctionExists.c.o   -c /usr/share/cmake/Modules/CheckFunctionExists.c
Linking C executable cmTryCompileExec1395722802
/usr/bin/cmake -E cmake_link_script CMakeFiles/cmTryCompileExec1395722802.dir/link.txt --verbose=1
/usr/bin/cc   -DCHECK_FUNCTION_EXISTS=connect    CMakeFiles/cmTryCompileExec1395722802.dir/CheckFunctionExists.c.o  -o cmTryCompileExec1395722802 -rdynamic 
gmake[1]: Leaving directory `/home/andesil/PSB/lib/CImg-1.5.8/examples/build/CMakeFiles/CMakeTmp'


Determining if the function remove exists passed with the following output:
Change Dir: /home/andesil/PSB/lib/CImg-1.5.8/examples/build/CMakeFiles/CMakeTmp

Run Build Command:/usr/bin/gmake "cmTryCompileExec3085862501/fast"
/usr/bin/gmake -f CMakeFiles/cmTryCompileExec3085862501.dir/build.make CMakeFiles/cmTryCompileExec3085862501.dir/build
gmake[1]: Entering directory `/home/andesil/PSB/lib/CImg-1.5.8/examples/build/CMakeFiles/CMakeTmp'
/usr/bin/cmake -E cmake_progress_report /home/andesil/PSB/lib/CImg-1.5.8/examples/build/CMakeFiles/CMakeTmp/CMakeFiles 1
Building C object CMakeFiles/cmTryCompileExec3085862501.dir/CheckFunctionExists.c.o
/usr/bin/cc   -DCHECK_FUNCTION_EXISTS=remove   -o CMakeFiles/cmTryCompileExec3085862501.dir/CheckFunctionExists.c.o   -c /usr/share/cmake/Modules/CheckFunctionExists.c
Linking C executable cmTryCompileExec3085862501
/usr/bin/cmake -E cmake_link_script CMakeFiles/cmTryCompileExec3085862501.dir/link.txt --verbose=1
/usr/bin/cc   -DCHECK_FUNCTION_EXISTS=remove    CMakeFiles/cmTryCompileExec3085862501.dir/CheckFunctionExists.c.o  -o cmTryCompileExec3085862501 -rdynamic 
gmake[1]: Leaving directory `/home/andesil/PSB/lib/CImg-1.5.8/examples/build/CMakeFiles/CMakeTmp'


Determining if the function shmat exists passed with the following output:
Change Dir: /home/andesil/PSB/lib/CImg-1.5.8/examples/build/CMakeFiles/CMakeTmp

Run Build Command:/usr/bin/gmake "cmTryCompileExec1239215197/fast"
/usr/bin/gmake -f CMakeFiles/cmTryCompileExec1239215197.dir/build.make CMakeFiles/cmTryCompileExec1239215197.dir/build
gmake[1]: Entering directory `/home/andesil/PSB/lib/CImg-1.5.8/examples/build/CMakeFiles/CMakeTmp'
/usr/bin/cmake -E cmake_progress_report /home/andesil/PSB/lib/CImg-1.5.8/examples/build/CMakeFiles/CMakeTmp/CMakeFiles 1
Building C object CMakeFiles/cmTryCompileExec1239215197.dir/CheckFunctionExists.c.o
/usr/bin/cc   -DCHECK_FUNCTION_EXISTS=shmat   -o CMakeFiles/cmTryCompileExec1239215197.dir/CheckFunctionExists.c.o   -c /usr/share/cmake/Modules/CheckFunctionExists.c
Linking C executable cmTryCompileExec1239215197
/usr/bin/cmake -E cmake_link_script CMakeFiles/cmTryCompileExec1239215197.dir/link.txt --verbose=1
/usr/bin/cc   -DCHECK_FUNCTION_EXISTS=shmat    CMakeFiles/cmTryCompileExec1239215197.dir/CheckFunctionExists.c.o  -o cmTryCompileExec1239215197 -rdynamic 
gmake[1]: Leaving directory `/home/andesil/PSB/lib/CImg-1.5.8/examples/build/CMakeFiles/CMakeTmp'


Determining if the function IceConnectionNumber exists in the ICE passed with the following output:
Change Dir: /home/andesil/PSB/lib/CImg-1.5.8/examples/build/CMakeFiles/CMakeTmp

Run Build Command:/usr/bin/gmake "cmTryCompileExec1234115183/fast"
/usr/bin/gmake -f CMakeFiles/cmTryCompileExec1234115183.dir/build.make CMakeFiles/cmTryCompileExec1234115183.dir/build
gmake[1]: Entering directory `/home/andesil/PSB/lib/CImg-1.5.8/examples/build/CMakeFiles/CMakeTmp'
/usr/bin/cmake -E cmake_progress_report /home/andesil/PSB/lib/CImg-1.5.8/examples/build/CMakeFiles/CMakeTmp/CMakeFiles 1
Building C object CMakeFiles/cmTryCompileExec1234115183.dir/CheckFunctionExists.c.o
/usr/bin/cc   -DCHECK_FUNCTION_EXISTS=IceConnectionNumber   -o CMakeFiles/cmTryCompileExec1234115183.dir/CheckFunctionExists.c.o   -c /usr/share/cmake/Modules/CheckFunctionExists.c
Linking C executable cmTryCompileExec1234115183
/usr/bin/cmake -E cmake_link_script CMakeFiles/cmTryCompileExec1234115183.dir/link.txt --verbose=1
/usr/bin/cc   -DCHECK_FUNCTION_EXISTS=IceConnectionNumber    CMakeFiles/cmTryCompileExec1234115183.dir/CheckFunctionExists.c.o  -o cmTryCompileExec1234115183 -rdynamic -lICE 
gmake[1]: Leaving directory `/home/andesil/PSB/lib/CImg-1.5.8/examples/build/CMakeFiles/CMakeTmp'


Determining if files pthread.h exist passed with the following output:
Change Dir: /home/andesil/PSB/lib/CImg-1.5.8/examples/build/CMakeFiles/CMakeTmp

Run Build Command:/usr/bin/gmake "cmTryCompileExec3385526415/fast"
/usr/bin/gmake -f CMakeFiles/cmTryCompileExec3385526415.dir/build.make CMakeFiles/cmTryCompileExec3385526415.dir/build
gmake[1]: Entering directory `/home/andesil/PSB/lib/CImg-1.5.8/examples/build/CMakeFiles/CMakeTmp'
/usr/bin/cmake -E cmake_progress_report /home/andesil/PSB/lib/CImg-1.5.8/examples/build/CMakeFiles/CMakeTmp/CMakeFiles 1
Building C object CMakeFiles/cmTryCompileExec3385526415.dir/CheckIncludeFiles.c.o
/usr/bin/cc    -o CMakeFiles/cmTryCompileExec3385526415.dir/CheckIncludeFiles.c.o   -c /home/andesil/PSB/lib/CImg-1.5.8/examples/build/CMakeFiles/CMakeTmp/CheckIncludeFiles.c
Linking C executable cmTryCompileExec3385526415
/usr/bin/cmake -E cmake_link_script CMakeFiles/cmTryCompileExec3385526415.dir/link.txt --verbose=1
/usr/bin/cc       CMakeFiles/cmTryCompileExec3385526415.dir/CheckIncludeFiles.c.o  -o cmTryCompileExec3385526415 -rdynamic 
gmake[1]: Leaving directory `/home/andesil/PSB/lib/CImg-1.5.8/examples/build/CMakeFiles/CMakeTmp'


Determining if the function pthread_create exists in the pthread passed with the following output:
Change Dir: /home/andesil/PSB/lib/CImg-1.5.8/examples/build/CMakeFiles/CMakeTmp

Run Build Command:/usr/bin/gmake "cmTryCompileExec3421644564/fast"
/usr/bin/gmake -f CMakeFiles/cmTryCompileExec3421644564.dir/build.make CMakeFiles/cmTryCompileExec3421644564.dir/build
gmake[1]: Entering directory `/home/andesil/PSB/lib/CImg-1.5.8/examples/build/CMakeFiles/CMakeTmp'
/usr/bin/cmake -E cmake_progress_report /home/andesil/PSB/lib/CImg-1.5.8/examples/build/CMakeFiles/CMakeTmp/CMakeFiles 1
Building C object CMakeFiles/cmTryCompileExec3421644564.dir/CheckFunctionExists.c.o
/usr/bin/cc   -DCHECK_FUNCTION_EXISTS=pthread_create   -o CMakeFiles/cmTryCompileExec3421644564.dir/CheckFunctionExists.c.o   -c /usr/share/cmake/Modules/CheckFunctionExists.c
Linking C executable cmTryCompileExec3421644564
/usr/bin/cmake -E cmake_link_script CMakeFiles/cmTryCompileExec3421644564.dir/link.txt --verbose=1
/usr/bin/cc   -DCHECK_FUNCTION_EXISTS=pthread_create    CMakeFiles/cmTryCompileExec3421644564.dir/CheckFunctionExists.c.o  -o cmTryCompileExec3421644564 -rdynamic -lpthread 
gmake[1]: Leaving directory `/home/andesil/PSB/lib/CImg-1.5.8/examples/build/CMakeFiles/CMakeTmp'


